<?xml version="1.0" encoding="UTF-8"?>
<!-- Generated by org.testng.reporters.JUnitReportReporter -->
<testsuite hostname="ALIPL1458" failures="0" tests="4" name="automate1.cura_loginTest" time="8.035" errors="0" timestamp="2023-11-11T15:54:32 IST" skipped="0">
  <testcase classname="automate1.cura_loginTest" name="LoginNegativeTC" time="1.721"/>
  <system-out/>
  <testcase classname="automate1.cura_loginTest" name="LoginPositiveTC" time="1.156"/>
  <system-out/>
  <testcase classname="automate1.cura_loginTest" name="MakeAppointment" time="5.049"/>
  <system-out/>
  <testcase classname="automate1.cura_loginTest" name="confirmation" time="0.109"/>
  <system-out/>
</testsuite> <!-- automate1.cura_loginTest -->
